[2025-04-06T16:55:29.349+0000] {processor.py:161} INFO - Started process (PID=167) to work on /opt/Project_1/dags/scheduled_task.py
[2025-04-06T16:55:29.350+0000] {processor.py:830} INFO - Processing file /opt/Project_1/dags/scheduled_task.py for tasks to queue
[2025-04-06T16:55:29.351+0000] {logging_mixin.py:188} INFO - [2025-04-06T16:55:29.351+0000] {dagbag.py:538} INFO - Filling up the DagBag from /opt/Project_1/dags/scheduled_task.py
[2025-04-06T16:55:31.148+0000] {processor.py:840} INFO - DAG(s) 'update_daily_data_dag' retrieved from /opt/Project_1/dags/scheduled_task.py
[2025-04-06T16:55:31.388+0000] {logging_mixin.py:188} INFO - [2025-04-06T16:55:31.388+0000] {override.py:1769} INFO - Created Permission View: can read on DAG:update_daily_data_dag
[2025-04-06T16:55:31.400+0000] {logging_mixin.py:188} INFO - [2025-04-06T16:55:31.399+0000] {override.py:1769} INFO - Created Permission View: can delete on DAG:update_daily_data_dag
[2025-04-06T16:55:31.408+0000] {logging_mixin.py:188} INFO - [2025-04-06T16:55:31.408+0000] {override.py:1769} INFO - Created Permission View: can edit on DAG:update_daily_data_dag
[2025-04-06T16:55:31.409+0000] {logging_mixin.py:188} INFO - [2025-04-06T16:55:31.409+0000] {dag.py:3036} INFO - Sync 1 DAGs
[2025-04-06T16:55:31.419+0000] {logging_mixin.py:188} INFO - [2025-04-06T16:55:31.418+0000] {dag.py:3058} INFO - Creating ORM DAG for update_daily_data_dag
[2025-04-06T16:55:31.430+0000] {logging_mixin.py:188} INFO - [2025-04-06T16:55:31.430+0000] {dag.py:3823} INFO - Setting next_dagrun for update_daily_data_dag to 2025-04-04 23:30:00+00:00, run_after=2025-04-05 23:30:00+00:00
[2025-04-06T16:55:31.458+0000] {processor.py:183} INFO - Processing /opt/Project_1/dags/scheduled_task.py took 2.114 seconds
[2025-04-06T16:56:01.578+0000] {processor.py:161} INFO - Started process (PID=173) to work on /opt/Project_1/dags/scheduled_task.py
[2025-04-06T16:56:01.580+0000] {processor.py:830} INFO - Processing file /opt/Project_1/dags/scheduled_task.py for tasks to queue
[2025-04-06T16:56:01.581+0000] {logging_mixin.py:188} INFO - [2025-04-06T16:56:01.581+0000] {dagbag.py:538} INFO - Filling up the DagBag from /opt/Project_1/dags/scheduled_task.py
[2025-04-06T16:56:02.653+0000] {processor.py:840} INFO - DAG(s) 'update_daily_data_dag' retrieved from /opt/Project_1/dags/scheduled_task.py
[2025-04-06T16:56:02.677+0000] {logging_mixin.py:188} INFO - [2025-04-06T16:56:02.676+0000] {dag.py:3036} INFO - Sync 1 DAGs
[2025-04-06T16:56:02.703+0000] {logging_mixin.py:188} INFO - [2025-04-06T16:56:02.702+0000] {dag.py:3823} INFO - Setting next_dagrun for update_daily_data_dag to 2025-04-04 23:30:00+00:00, run_after=2025-04-05 23:30:00+00:00
[2025-04-06T16:56:02.721+0000] {processor.py:183} INFO - Processing /opt/Project_1/dags/scheduled_task.py took 1.148 seconds
[2025-04-06T16:56:32.826+0000] {processor.py:161} INFO - Started process (PID=179) to work on /opt/Project_1/dags/scheduled_task.py
[2025-04-06T16:56:32.827+0000] {processor.py:830} INFO - Processing file /opt/Project_1/dags/scheduled_task.py for tasks to queue
[2025-04-06T16:56:32.828+0000] {logging_mixin.py:188} INFO - [2025-04-06T16:56:32.828+0000] {dagbag.py:538} INFO - Filling up the DagBag from /opt/Project_1/dags/scheduled_task.py
[2025-04-06T16:56:33.637+0000] {processor.py:840} INFO - DAG(s) 'update_daily_data_dag' retrieved from /opt/Project_1/dags/scheduled_task.py
[2025-04-06T16:56:33.658+0000] {logging_mixin.py:188} INFO - [2025-04-06T16:56:33.658+0000] {dag.py:3036} INFO - Sync 1 DAGs
[2025-04-06T16:56:33.680+0000] {logging_mixin.py:188} INFO - [2025-04-06T16:56:33.680+0000] {dag.py:3823} INFO - Setting next_dagrun for update_daily_data_dag to 2025-04-04 23:30:00+00:00, run_after=2025-04-05 23:30:00+00:00
[2025-04-06T16:56:33.700+0000] {processor.py:183} INFO - Processing /opt/Project_1/dags/scheduled_task.py took 0.878 seconds
[2025-04-06T16:57:03.931+0000] {processor.py:161} INFO - Started process (PID=185) to work on /opt/Project_1/dags/scheduled_task.py
[2025-04-06T16:57:03.932+0000] {processor.py:830} INFO - Processing file /opt/Project_1/dags/scheduled_task.py for tasks to queue
[2025-04-06T16:57:03.933+0000] {logging_mixin.py:188} INFO - [2025-04-06T16:57:03.932+0000] {dagbag.py:538} INFO - Filling up the DagBag from /opt/Project_1/dags/scheduled_task.py
[2025-04-06T16:57:04.731+0000] {processor.py:840} INFO - DAG(s) 'update_daily_data_dag' retrieved from /opt/Project_1/dags/scheduled_task.py
[2025-04-06T16:57:04.751+0000] {logging_mixin.py:188} INFO - [2025-04-06T16:57:04.749+0000] {dag.py:3036} INFO - Sync 1 DAGs
[2025-04-06T16:57:04.771+0000] {logging_mixin.py:188} INFO - [2025-04-06T16:57:04.770+0000] {dag.py:3823} INFO - Setting next_dagrun for update_daily_data_dag to 2025-04-04 23:30:00+00:00, run_after=2025-04-05 23:30:00+00:00
[2025-04-06T16:57:04.787+0000] {processor.py:183} INFO - Processing /opt/Project_1/dags/scheduled_task.py took 0.859 seconds
[2025-04-06T16:57:34.989+0000] {processor.py:161} INFO - Started process (PID=191) to work on /opt/Project_1/dags/scheduled_task.py
[2025-04-06T16:57:34.990+0000] {processor.py:830} INFO - Processing file /opt/Project_1/dags/scheduled_task.py for tasks to queue
[2025-04-06T16:57:34.991+0000] {logging_mixin.py:188} INFO - [2025-04-06T16:57:34.991+0000] {dagbag.py:538} INFO - Filling up the DagBag from /opt/Project_1/dags/scheduled_task.py
[2025-04-06T16:57:35.917+0000] {processor.py:840} INFO - DAG(s) 'update_daily_data_dag' retrieved from /opt/Project_1/dags/scheduled_task.py
[2025-04-06T16:57:35.937+0000] {logging_mixin.py:188} INFO - [2025-04-06T16:57:35.936+0000] {dag.py:3036} INFO - Sync 1 DAGs
[2025-04-06T16:57:35.956+0000] {logging_mixin.py:188} INFO - [2025-04-06T16:57:35.956+0000] {dag.py:3823} INFO - Setting next_dagrun for update_daily_data_dag to 2025-04-04 23:30:00+00:00, run_after=2025-04-05 23:30:00+00:00
[2025-04-06T16:57:35.974+0000] {processor.py:183} INFO - Processing /opt/Project_1/dags/scheduled_task.py took 0.988 seconds
[2025-04-06T16:58:06.200+0000] {processor.py:161} INFO - Started process (PID=197) to work on /opt/Project_1/dags/scheduled_task.py
[2025-04-06T16:58:06.203+0000] {processor.py:830} INFO - Processing file /opt/Project_1/dags/scheduled_task.py for tasks to queue
[2025-04-06T16:58:06.205+0000] {logging_mixin.py:188} INFO - [2025-04-06T16:58:06.205+0000] {dagbag.py:538} INFO - Filling up the DagBag from /opt/Project_1/dags/scheduled_task.py
[2025-04-06T16:58:07.081+0000] {processor.py:840} INFO - DAG(s) 'update_daily_data_dag' retrieved from /opt/Project_1/dags/scheduled_task.py
[2025-04-06T16:58:07.101+0000] {logging_mixin.py:188} INFO - [2025-04-06T16:58:07.100+0000] {dag.py:3036} INFO - Sync 1 DAGs
[2025-04-06T16:58:07.119+0000] {logging_mixin.py:188} INFO - [2025-04-06T16:58:07.119+0000] {dag.py:3823} INFO - Setting next_dagrun for update_daily_data_dag to 2025-04-04 23:30:00+00:00, run_after=2025-04-05 23:30:00+00:00
[2025-04-06T16:58:07.148+0000] {processor.py:183} INFO - Processing /opt/Project_1/dags/scheduled_task.py took 0.956 seconds
